[2025-07-19 02:28:24] update_gateway_fee1 called with invoiceid: 117437556
[2025-07-19 02:28:24] Invoice found: stdClass Object
(
    [id] => 117437556
    [userid] => 1
    [invoicenum] => 
    [date] => 2025-07-19
    [duedate] => 2025-07-28
    [datepaid] => 0000-00-00 00:00:00
    [last_capture_attempt] => 0000-00-00 00:00:00
    [date_refunded] => 0000-00-00 00:00:00
    [date_cancelled] => 0000-00-00 00:00:00
    [subtotal] => 0.00
    [credit] => 0.00
    [tax] => 0.00
    [tax2] => 0.00
    [total] => 0.00
    [taxrate] => 0.000
    [taxrate2] => 0.000
    [status] => Draft
    [paymentmethod] => paypal
    [paymethodid] => 
    [notes] => 
    [created_at] => 2025-07-19 02:28:24
    [updated_at] => 2025-07-19 02:28:24
)

[2025-07-19 02:28:24] update_gateway_fee2 called with invoiceid: 117437556 and paymentmethod: paypal
[2025-07-19 02:28:24] DB Delete: tblinvoiceitems where invoiceid=117437556 and notes='gateway_fees'
[2025-07-19 02:28:24] DB Insert: tblinvoiceitems with totalFee=3.78
[2025-07-19 02:28:25] update_gateway_fee3 called
[2025-07-19 02:28:25] update_gateway_fee1 called with invoiceid: 117437556
[2025-07-19 02:28:25] Invoice found: stdClass Object
(
    [id] => 117437556
    [userid] => 1
    [invoicenum] => 
    [date] => 2025-07-19
    [duedate] => 2025-07-28
    [datepaid] => 0000-00-00 00:00:00
    [last_capture_attempt] => 0000-00-00 00:00:00
    [date_refunded] => 0000-00-00 00:00:00
    [date_cancelled] => 0000-00-00 00:00:00
    [subtotal] => 3.78
    [credit] => 0.00
    [tax] => 0.00
    [tax2] => 0.00
    [total] => 3.78
    [taxrate] => 0.000
    [taxrate2] => 0.000
    [status] => Draft
    [paymentmethod] => paypal
    [paymethodid] => 
    [notes] => 
    [created_at] => 2025-07-19 02:28:24
    [updated_at] => 2025-07-19 02:28:25
)

[2025-07-19 02:28:25] update_gateway_fee2 called with invoiceid: 117437556 and paymentmethod: paypal
[2025-07-19 02:28:25] DB Delete: tblinvoiceitems where invoiceid=117437556 and notes='gateway_fees'
[2025-07-19 02:28:25] DB Insert: tblinvoiceitems with totalFee=3.78
[2025-07-19 02:28:25] update_gateway_fee3 called
[2025-07-19 02:39:45] update_gateway_fee1 called with invoiceid: 117438555
[2025-07-19 02:39:45] Invoice found: stdClass Object
(
    [id] => 117438555
    [userid] => 1
    [invoicenum] => 
    [date] => 2025-07-19
    [duedate] => 2025-07-28
    [datepaid] => 0000-00-00 00:00:00
    [last_capture_attempt] => 0000-00-00 00:00:00
    [date_refunded] => 0000-00-00 00:00:00
    [date_cancelled] => 0000-00-00 00:00:00
    [subtotal] => 0.00
    [credit] => 0.00
    [tax] => 0.00
    [tax2] => 0.00
    [total] => 0.00
    [taxrate] => 0.000
    [taxrate2] => 0.000
    [status] => Draft
    [paymentmethod] => paypal
    [paymethodid] => 
    [notes] => 
    [created_at] => 2025-07-19 02:39:45
    [updated_at] => 2025-07-19 02:39:45
)

[2025-07-19 02:39:45] update_gateway_fee2 called with invoiceid: 117438555 and paymentmethod: paypal
[2025-07-19 02:39:45] DB Delete: tblinvoiceitems where invoiceid=117438555 and notes='gateway_fees'
[2025-07-19 02:39:45] DB Insert: tblinvoiceitems with totalFee=3.78
[2025-07-19 02:39:45] update_gateway_fee3 called
[2025-07-19 02:39:46] update_gateway_fee1 called with invoiceid: 117438555
[2025-07-19 02:39:46] Invoice found: stdClass Object
(
    [id] => 117438555
    [userid] => 1
    [invoicenum] => 
    [date] => 2025-07-19
    [duedate] => 2025-07-28
    [datepaid] => 0000-00-00 00:00:00
    [last_capture_attempt] => 0000-00-00 00:00:00
    [date_refunded] => 0000-00-00 00:00:00
    [date_cancelled] => 0000-00-00 00:00:00
    [subtotal] => 3.78
    [credit] => 0.00
    [tax] => 0.00
    [tax2] => 0.00
    [total] => 3.78
    [taxrate] => 0.000
    [taxrate2] => 0.000
    [status] => Draft
    [paymentmethod] => paypal
    [paymethodid] => 
    [notes] => 
    [created_at] => 2025-07-19 02:39:45
    [updated_at] => 2025-07-19 02:39:45
)

[2025-07-19 02:39:46] update_gateway_fee2 called with invoiceid: 117438555 and paymentmethod: paypal
[2025-07-19 02:39:46] DB Delete: tblinvoiceitems where invoiceid=117438555 and notes='gateway_fees'
[2025-07-19 02:39:46] DB Insert: tblinvoiceitems with totalFee=3.78
[2025-07-19 02:39:46] update_gateway_fee3 called
[2025-07-19 02:56:43] update_gateway_fee1 called with invoiceid: 117439554
[2025-07-19 02:56:43] Invoice found: stdClass Object
(
    [id] => 117439554
    [userid] => 1
    [invoicenum] => 
    [date] => 2025-07-19
    [duedate] => 2025-07-28
    [datepaid] => 0000-00-00 00:00:00
    [last_capture_attempt] => 0000-00-00 00:00:00
    [date_refunded] => 0000-00-00 00:00:00
    [date_cancelled] => 0000-00-00 00:00:00
    [subtotal] => 0.00
    [credit] => 0.00
    [tax] => 0.00
    [tax2] => 0.00
    [total] => 0.00
    [taxrate] => 0.000
    [taxrate2] => 0.000
    [status] => Draft
    [paymentmethod] => paypal
    [paymethodid] => 
    [notes] => 
    [created_at] => 2025-07-19 02:56:43
    [updated_at] => 2025-07-19 02:56:43
)

[2025-07-19 02:56:43] update_gateway_fee2 called with invoiceid: 117439554 and paymentmethod: paypal
[2025-07-19 02:56:43] DB Delete: tblinvoiceitems where invoiceid=117439554 and notes='sm_gateway_fees'
[2025-07-19 02:56:43] DB Insert: tblinvoiceitems with totalFee=3.47
[2025-07-19 02:56:43] update_gateway_fee3 called
[2025-07-19 02:56:43] update_gateway_fee1 called with invoiceid: 117439554
[2025-07-19 02:56:43] Invoice found: stdClass Object
(
    [id] => 117439554
    [userid] => 1
    [invoicenum] => 
    [date] => 2025-07-19
    [duedate] => 2025-07-28
    [datepaid] => 0000-00-00 00:00:00
    [last_capture_attempt] => 0000-00-00 00:00:00
    [date_refunded] => 0000-00-00 00:00:00
    [date_cancelled] => 0000-00-00 00:00:00
    [subtotal] => 3.47
    [credit] => 0.00
    [tax] => 0.00
    [tax2] => 0.00
    [total] => 3.47
    [taxrate] => 0.000
    [taxrate2] => 0.000
    [status] => Draft
    [paymentmethod] => paypal
    [paymethodid] => 
    [notes] => 
    [created_at] => 2025-07-19 02:56:43
    [updated_at] => 2025-07-19 02:56:43
)

[2025-07-19 02:56:43] update_gateway_fee2 called with invoiceid: 117439554 and paymentmethod: paypal
[2025-07-19 02:56:43] DB Delete: tblinvoiceitems where invoiceid=117439554 and notes='sm_gateway_fees'
[2025-07-19 02:56:43] DB Insert: tblinvoiceitems with totalFee=3.47
[2025-07-19 02:56:43] update_gateway_fee3 called
[2025-07-19 02:57:38] update_gateway_fee1 called with invoiceid: 117439554
[2025-07-19 02:57:38] Invoice found: stdClass Object
(
    [id] => 117439554
    [userid] => 1
    [invoicenum] => 
    [date] => 2025-07-19
    [duedate] => 2025-07-28
    [datepaid] => 0000-00-00 00:00:00
    [last_capture_attempt] => 0000-00-00 00:00:00
    [date_refunded] => 0000-00-00 00:00:00
    [date_cancelled] => 0000-00-00 00:00:00
    [subtotal] => 3.47
    [credit] => 0.00
    [tax] => 0.00
    [tax2] => 0.00
    [total] => 3.47
    [taxrate] => 0.000
    [taxrate2] => 0.000
    [status] => Draft
    [paymentmethod] => paypal
    [paymethodid] => 
    [notes] => 
    [created_at] => 2025-07-19 02:56:43
    [updated_at] => 2025-07-19 02:56:43
)

[2025-07-19 02:57:38] update_gateway_fee2 called with invoiceid: 117439554 and paymentmethod: paypal
[2025-07-19 02:57:38] DB Delete: tblinvoiceitems where invoiceid=117439554 and notes='sm_gateway_fees'
[2025-07-19 02:57:38] DB Insert: tblinvoiceitems with totalFee=3.47
[2025-07-19 02:57:38] update_gateway_fee3 called
[2025-07-19 02:58:57] update_gateway_fee1 called with invoiceid: 117440553
[2025-07-19 02:58:57] Invoice found: stdClass Object
(
    [id] => 117440553
    [userid] => 1
    [invoicenum] => 
    [date] => 2025-07-19
    [duedate] => 2025-07-28
    [datepaid] => 0000-00-00 00:00:00
    [last_capture_attempt] => 0000-00-00 00:00:00
    [date_refunded] => 0000-00-00 00:00:00
    [date_cancelled] => 0000-00-00 00:00:00
    [subtotal] => 0.00
    [credit] => 0.00
    [tax] => 0.00
    [tax2] => 0.00
    [total] => 0.00
    [taxrate] => 0.000
    [taxrate2] => 0.000
    [status] => Draft
    [paymentmethod] => paypal
    [paymethodid] => 
    [notes] => 
    [created_at] => 2025-07-19 02:58:57
    [updated_at] => 2025-07-19 02:58:57
)

[2025-07-19 02:58:57] update_gateway_fee2 called with invoiceid: 117440553 and paymentmethod: paypal
[2025-07-19 02:58:57] DB Delete: tblinvoiceitems where invoiceid=117440553 and notes='sm_gateway_fees'
[2025-07-19 02:58:57] DB Insert: tblinvoiceitems with totalFee=3.47
[2025-07-19 02:58:57] update_gateway_fee3 called
[2025-07-19 02:58:57] update_gateway_fee1 called with invoiceid: 117440553
[2025-07-19 02:58:57] Invoice found: stdClass Object
(
    [id] => 117440553
    [userid] => 1
    [invoicenum] => 
    [date] => 2025-07-19
    [duedate] => 2025-07-28
    [datepaid] => 0000-00-00 00:00:00
    [last_capture_attempt] => 0000-00-00 00:00:00
    [date_refunded] => 0000-00-00 00:00:00
    [date_cancelled] => 0000-00-00 00:00:00
    [subtotal] => 3.47
    [credit] => 0.00
    [tax] => 0.00
    [tax2] => 0.00
    [total] => 3.47
    [taxrate] => 0.000
    [taxrate2] => 0.000
    [status] => Draft
    [paymentmethod] => paypal
    [paymethodid] => 
    [notes] => 
    [created_at] => 2025-07-19 02:58:57
    [updated_at] => 2025-07-19 02:58:57
)

[2025-07-19 02:58:57] update_gateway_fee2 called with invoiceid: 117440553 and paymentmethod: paypal
[2025-07-19 02:58:57] DB Delete: tblinvoiceitems where invoiceid=117440553 and notes='sm_gateway_fees'
[2025-07-19 02:58:57] DB Insert: tblinvoiceitems with totalFee=3.47
[2025-07-19 02:58:57] update_gateway_fee3 called
